2025-09-02T12:18:05.753905+09:00
Create Relation ADR_CONTROL
Create Relation ADR_INVALIDATION
Create Relation INC_METER_IMPT_DEF
Create Relation INC_METER_PK_IMPTS


***********************************************************************

Fatal NI connect error 12504, connecting to:
 (DESCRIPTION=(CONNECT_DATA=(SERVICE_NAME=)(CID=(PROGRAM=sqlplus)(HOST=selab-PowerEdge-R230)(USER=db2025_501_team5))(CONNECTION_ID=Pcnvxf7fzyLgYwEBAH/uZA==))(ADDRESS=(PROTOCOL=tcp)(HOST=203.249.87.57)(PORT=1521)))

  VERSION INFORMATION:
	TNS for Linux: Version 21.0.0.0.0 - Production
	TCP/IP NT Protocol Adapter for Linux: Version 21.0.0.0.0 - Production
  Version 21.8.0.0.0
  Time: 02-SEP-2025 12:18:05
  Tracing not turned on. Process Id = 184098
  Tns error struct:
    ns main err code: 12564
    
TNS-12564: TNS:connection refused
    ns secondary err code: 0
    nt main err code: 0
    nt secondary err code: 0
    nt OS err code: 0
2025-09-02T22:59:13.213288+09:00


***********************************************************************

Fatal NI connect error 12504, connecting to:
 (DESCRIPTION=(CONNECT_DATA=(SERVICE_NAME=)(CID=(PROGRAM=sqlplus)(HOST=selab-PowerEdge-R230)(USER=db2025_501_team5))(CONNECTION_ID=PdLknHoN9lzgYwEBAH9Srw==))(ADDRESS=(PROTOCOL=tcp)(HOST=203.249.87.57)(PORT=1521)))

  VERSION INFORMATION:
	TNS for Linux: Version 21.0.0.0.0 - Production
	TCP/IP NT Protocol Adapter for Linux: Version 21.0.0.0.0 - Production
  Version 21.8.0.0.0
  Time: 02-SEP-2025 22:59:13
  Tracing not turned on. Process Id = 194140
  Tns error struct:
    ns main err code: 12564
    
TNS-12564: TNS:connection refused
    ns secondary err code: 0
    nt main err code: 0
    nt secondary err code: 0
    nt OS err code: 0
2025-09-09T11:00:14.270766+09:00


***********************************************************************

Fatal NI connect error 12504, connecting to:
 (DESCRIPTION=(CONNECT_DATA=(SERVICE_NAME=)(CID=(PROGRAM=sqlplus)(HOST=selab-PowerEdge-R230)(USER=db2025_501_team5))(CONNECTION_ID=PlWqN1KXeAzgYwEBAH+uOA==))(ADDRESS=(PROTOCOL=tcp)(HOST=203.249.87.57)(PORT=1521)))

  VERSION INFORMATION:
	TNS for Linux: Version 21.0.0.0.0 - Production
	TCP/IP NT Protocol Adapter for Linux: Version 21.0.0.0.0 - Production
  Version 21.8.0.0.0
  Time: 09-SEP-2025 11:00:14
  Tracing not turned on. Process Id = 292876
  Tns error struct:
    ns main err code: 12564
    
TNS-12564: TNS:connection refused
    ns secondary err code: 0
    nt main err code: 0
    nt secondary err code: 0
    nt OS err code: 0
2025-09-24T21:11:37.507546+09:00


***********************************************************************

Fatal NI connect error 12504, connecting to:
 (DESCRIPTION=(CONNECT_DATA=(SERVICE_NAME=)(CID=(PROGRAM=sqlplus)(HOST=selab-PowerEdge-R230)(USER=db2025_501_team5))(CONNECTION_ID=P4v0VGRR5yngYwEBAH9NjA==))(ADDRESS=(PROTOCOL=tcp)(HOST=203.249.87.57)(PORT=1521)))

  VERSION INFORMATION:
	TNS for Linux: Version 21.0.0.0.0 - Production
	TCP/IP NT Protocol Adapter for Linux: Version 21.0.0.0.0 - Production
  Version 21.8.0.0.0
  Time: 24-SEP-2025 21:11:37
  Tracing not turned on. Process Id = 649001
  Tns error struct:
    ns main err code: 12564
    
TNS-12564: TNS:connection refused
    ns secondary err code: 0
    nt main err code: 0
    nt secondary err code: 0
    nt OS err code: 0
2025-09-24T21:11:57.009408+09:00


***********************************************************************

Fatal NI connect error 12504, connecting to:
 (DESCRIPTION=(CONNECT_DATA=(SERVICE_NAME=)(CID=(PROGRAM=sqlplus)(HOST=selab-PowerEdge-R230)(USER=db2025_501_team5))(CONNECTION_ID=P4v0VGRS5yngYwEBAH9NjA==))(ADDRESS=(PROTOCOL=tcp)(HOST=203.249.87.57)(PORT=1521)))

  VERSION INFORMATION:
	TNS for Linux: Version 21.0.0.0.0 - Production
	TCP/IP NT Protocol Adapter for Linux: Version 21.0.0.0.0 - Production
  Version 21.8.0.0.0
  Time: 24-SEP-2025 21:11:57
  Tracing not turned on. Process Id = 649001
  Tns error struct:
    ns main err code: 12564
    
TNS-12564: TNS:connection refused
    ns secondary err code: 0
    nt main err code: 0
    nt secondary err code: 0
    nt OS err code: 0
2025-09-24T21:13:58.706778+09:00


***********************************************************************

Fatal NI connect error 12504, connecting to:
 (DESCRIPTION=(CONNECT_DATA=(SERVICE_NAME=)(CID=(PROGRAM=sqlplus)(HOST=selab-PowerEdge-R230)(USER=db2025_501_team5))(CONNECTION_ID=P4v0VGRT5yngYwEBAH9NjA==))(ADDRESS=(PROTOCOL=tcp)(HOST=203.249.87.57)(PORT=1521)))

  VERSION INFORMATION:
	TNS for Linux: Version 21.0.0.0.0 - Production
	TCP/IP NT Protocol Adapter for Linux: Version 21.0.0.0.0 - Production
  Version 21.8.0.0.0
  Time: 24-SEP-2025 21:13:58
  Tracing not turned on. Process Id = 649001
  Tns error struct:
    ns main err code: 12564
    
TNS-12564: TNS:connection refused
    ns secondary err code: 0
    nt main err code: 0
    nt secondary err code: 0
    nt OS err code: 0
2025-09-24T21:14:28.715734+09:00


***********************************************************************

Fatal NI connect error 12504, connecting to:
 (DESCRIPTION=(CONNECT_DATA=(SERVICE_NAME=)(CID=(PROGRAM=sqlplus)(HOST=selab-PowerEdge-R230)(USER=db2025_501_team5))(CONNECTION_ID=P4v+iQGU51vgYwEBAH/iSw==))(ADDRESS=(PROTOCOL=tcp)(HOST=203.249.87.57)(PORT=1521)))

  VERSION INFORMATION:
	TNS for Linux: Version 21.0.0.0.0 - Production
	TCP/IP NT Protocol Adapter for Linux: Version 21.0.0.0.0 - Production
  Version 21.8.0.0.0
  Time: 24-SEP-2025 21:14:28
  Tracing not turned on. Process Id = 649051
  Tns error struct:
    ns main err code: 12564
    
TNS-12564: TNS:connection refused
    ns secondary err code: 0
    nt main err code: 0
    nt secondary err code: 0
    nt OS err code: 0
2025-09-24T21:16:11.448023+09:00


***********************************************************************

Fatal NI connect error 12504, connecting to:
 (DESCRIPTION=(CONNECT_DATA=(SERVICE_NAME=)(CID=(PROGRAM=sqlplus)(HOST=selab-PowerEdge-R230)(USER=db2025_501_team5))(CONNECTION_ID=P4v+iQGV51vgYwEBAH/iSw==))(ADDRESS=(PROTOCOL=tcp)(HOST=203.249.87.57)(PORT=1521)))

  VERSION INFORMATION:
	TNS for Linux: Version 21.0.0.0.0 - Production
	TCP/IP NT Protocol Adapter for Linux: Version 21.0.0.0.0 - Production
  Version 21.8.0.0.0
  Time: 24-SEP-2025 21:16:11
  Tracing not turned on. Process Id = 649051
  Tns error struct:
    ns main err code: 12564
    
TNS-12564: TNS:connection refused
    ns secondary err code: 0
    nt main err code: 0
    nt secondary err code: 0
    nt OS err code: 0
2025-09-24T21:19:37.981303+09:00


***********************************************************************

Fatal NI connect error 12504, connecting to:
 (DESCRIPTION=(CONNECT_DATA=(SERVICE_NAME=)(CID=(PROGRAM=sqlplus)(HOST=selab-PowerEdge-R230)(USER=db2025_501_team5))(CONNECTION_ID=P4wQ9/Cg5/PgYwEBAH/dLg==))(ADDRESS=(PROTOCOL=tcp)(HOST=203.249.87.57)(PORT=1521)))

  VERSION INFORMATION:
	TNS for Linux: Version 21.0.0.0.0 - Production
	TCP/IP NT Protocol Adapter for Linux: Version 21.0.0.0.0 - Production
  Version 21.8.0.0.0
  Time: 24-SEP-2025 21:19:37
  Tracing not turned on. Process Id = 649203
  Tns error struct:
    ns main err code: 12564
    
TNS-12564: TNS:connection refused
    ns secondary err code: 0
    nt main err code: 0
    nt secondary err code: 0
    nt OS err code: 0
2025-11-02T22:03:19.077742+09:00


***********************************************************************

Fatal NI connect error 12541, connecting to:
 (DESCRIPTION=(CONNECT_DATA=(SERVICE_NAME=orcl)(CID=(PROGRAM=sqlplus)(HOST=selab-PowerEdge-R230)(USER=db2025_501_team5))(CONNECTION_ID=Qp05AUMjulvgYwEBAH9Xow==))(ADDRESS=(PROTOCOL=tcp)(HOST=203.249.87.58)(PORT=1521)))

  VERSION INFORMATION:
	TNS for Linux: Version 21.0.0.0.0 - Production
	TCP/IP NT Protocol Adapter for Linux: Version 21.0.0.0.0 - Production
  Version 21.8.0.0.0
  Time: 02-NOV-2025 22:03:19
  Tracing not turned on. Process Id = 1620571
  Tns error struct:
    ns main err code: 12541
    
TNS-12541: TNS:no listener
    ns secondary err code: 12560
    nt main err code: 511
    
TNS-00511: No listener
    nt secondary err code: 111
    nt OS err code: 0
